number,value,datetime_start,datetime_complete,duration,params_base_channels,params_batch_size,params_dropout,params_lambda_l1,params_lr_d,params_lr_g,params_style_dim,user_attrs_note,user_attrs_original_trial_number,user_attrs_source,state
0,,2026-10-04 22:57:27.749575,2026-10-04 22:57:27.749575,0 days,,,,,,,,crashed before training (filename bug) in the first Colab session; parameters not recorded,0,"placeholder, not in the console log",FAIL
1,,2026-10-04 22:57:27.776095,2026-10-04 22:57:27.776095,0 days,,,,,,,,crashed before training (filename bug) in the first Colab session; parameters not recorded,1,"placeholder, not in the console log",FAIL
2,,2026-10-04 22:57:27.787786,2026-10-04 22:57:27.787786,0 days,,,,,,,,crashed before training (filename bug) in the first Colab session; parameters not recorded,2,"placeholder, not in the console log",FAIL
3,,2026-10-04 22:57:27.799169,2026-10-04 22:57:27.799169,0 days,,,,,,,,crashed before training (filename bug) in the first Colab session; parameters not recorded,3,"placeholder, not in the console log",FAIL
4,,2026-10-04 22:57:27.811293,2026-10-04 22:57:27.811293,0 days,,,,,,,,crashed before training (filename bug) in the first Colab session; parameters not recorded,4,"placeholder, not in the console log",FAIL
5,,2026-10-04 22:57:27.821028,2026-10-04 22:57:27.821028,0 days,,,,,,,,crashed before training (filename bug) in the first Colab session; parameters not recorded,5,"placeholder, not in the console log",FAIL
6,0.10132019674752993,2026-10-04 22:57:27.831152,2026-10-04 22:57:27.831152,0 days,64.0,8.0,0.2100241739388532,19.4472590537094,0.0003669597023980071,0.00013796996807834548,8.0,,6,transcribed from Colab console log (original study DB lost),COMPLETE
7,0.11388393318128288,2026-10-04 22:57:27.876267,2026-10-04 22:57:27.876267,0 days,32.0,16.0,0.020302841191106535,11.4491514218246,0.00032828065767778335,0.00016343743533562112,16.0,,7,transcribed from Colab console log (original study DB lost),COMPLETE
8,0.10740262057546299,2026-10-04 22:57:27.917354,2026-10-04 22:57:27.917354,0 days,64.0,16.0,0.34269264184519055,11.529094004668899,0.00023720957540911014,0.00015546486942594843,16.0,,8,transcribed from Colab console log (original study DB lost),COMPLETE
9,0.09568016384132755,2026-10-04 22:57:27.946232,2026-10-04 22:57:27.946232,0 days,64.0,8.0,0.33213890854699457,158.4663081837687,0.00016808089107159165,0.00010569600440373135,32.0,,9,transcribed from Colab console log (original study DB lost),COMPLETE
10,0.09874814061498742,2026-10-04 22:57:27.966306,2026-10-04 22:57:27.966306,0 days,64.0,16.0,0.3966653280442391,36.3732392126296,0.00012350274593918206,0.0003678185362070148,32.0,,10,transcribed from Colab console log (original study DB lost),COMPLETE
11,,2026-10-04 22:57:27.990344,2026-10-04 22:57:27.990344,0 days,,,,,,,,,11,transcribed from Colab console log (original study DB lost),PRUNED
12,,2026-10-04 22:57:28.001571,2026-10-04 22:57:28.001571,0 days,,,,,,,,,12,transcribed from Colab console log (original study DB lost),PRUNED
13,0.10112061690484453,2026-10-04 22:57:28.014127,2026-10-04 22:57:28.014127,0 days,64.0,32.0,0.2330630302493193,70.57343635222911,0.00026304271124694405,0.00010483653145604689,8.0,,13,transcribed from Colab console log (original study DB lost),COMPLETE
14,0.09825334059117476,2026-10-04 22:57:28.036820,2026-10-04 22:57:28.036820,0 days,32.0,16.0,0.4724723869488724,70.99354003703158,0.00035197017714078767,0.00029363877655280636,32.0,,14,transcribed from Colab console log (original study DB lost),COMPLETE
15,,2026-10-04 22:57:28.060901,2026-10-04 22:57:28.060901,0 days,,,,,,,,,15,transcribed from Colab console log (original study DB lost),PRUNED
16,0.09472041984774032,2026-10-04 22:57:28.074089,2026-10-04 22:57:28.074089,0 days,64.0,8.0,0.3678338935448513,132.9094436796923,0.000244253557301229,0.00034286343973251277,32.0,,16,transcribed from Colab console log (original study DB lost),COMPLETE
17,,2026-10-04 22:57:28.100577,2026-10-04 22:57:28.100577,0 days,,,,,,,,,17,transcribed from Colab console log (original study DB lost),PRUNED
18,,2026-10-04 22:57:28.119330,2026-10-04 22:57:28.119330,0 days,,,,,,,,,18,transcribed from Colab console log (original study DB lost),PRUNED
19,0.095996711239125,2026-10-04 22:57:28.136307,2026-10-04 22:57:28.136307,0 days,64.0,8.0,0.3658384255382825,107.74781305892145,0.00016431977760228677,0.00011734592478579663,32.0,,19,transcribed from Colab console log (original study DB lost),COMPLETE
20,,2026-10-04 22:57:28.168327,2026-10-04 22:57:28.168327,0 days,,,,,,,,,20,transcribed from Colab console log (original study DB lost),PRUNED
21,0.09351848306395974,2026-10-04 22:57:28.184262,2026-10-04 22:57:28.184262,0 days,64.0,8.0,0.38118216145949024,173.80836676175807,0.0002914150007063221,0.00017546673432459654,32.0,,21,transcribed from Colab console log (original study DB lost),COMPLETE
22,0.09563926755757202,2026-10-04 22:57:28.207606,2026-10-04 22:57:28.207606,0 days,32.0,8.0,0.361980539942589,192.73701267020354,0.00027887239926745265,0.0001634357844167698,32.0,,22,transcribed from Colab console log (original study DB lost),COMPLETE
23,0.09343603996860655,2026-10-04 22:57:28.232798,2026-10-04 22:57:28.232798,0 days,64.0,8.0,0.4811166825103663,193.6197292807374,0.00031287863382514856,0.00014752198433033508,32.0,,23,transcribed from Colab console log (original study DB lost),COMPLETE
24,0.09518141516599515,2026-10-04 22:57:28.261756,2026-10-04 22:57:28.261756,0 days,64.0,8.0,0.43605170496383056,163.20483868989643,0.0003377699260119453,0.00010722352996129464,32.0,,24,transcribed from Colab console log (original study DB lost),COMPLETE
25,0.0928155106318572,2026-10-04 22:57:28.287068,2026-10-04 22:57:28.287068,0 days,64.0,8.0,0.29338252123610636,199.71014173562637,0.000349228952295573,0.00023138114869747655,32.0,,25,transcribed from Colab console log (original study DB lost),COMPLETE
