number,value,datetime_start,datetime_complete,duration,params_alpha,params_batch,params_bottleneck_dim,params_dropout,params_encoder_channels,params_lr,user_attrs_run_id,system_attrs_tpe:relative_params:0,state
0,0.22578729233076877,2026-10-04 13:44:34.106902,2026-10-04 13:46:23.523300,0 days 00:01:49.416398,0.8745991883601898,32,1024,0.29097295564859826,16,0.0003574712922600243,20261004-1344_kaggle_t1_universal_v2-trial0,,COMPLETE
1,0.29354330876578943,2026-10-04 13:46:23.547241,2026-10-04 13:47:59.674150,0 days 00:01:36.126909,0.8533291826268561,128,1024,0.13682099526511077,16,0.00020589728197687926,20261004-1346_kaggle_t1_universal_v2-trial1,,COMPLETE
2,0.21717489714501426,2026-10-04 13:47:59.693279,2026-10-04 13:49:47.153788,0 days 00:01:47.460509,0.8079048619304705,64,1024,0.029301634201915158,32,0.00019721610970574026,20261004-1347_kaggle_t1_universal_v2-trial2,,COMPLETE
3,0.20017558933392612,2026-10-04 13:49:47.178022,2026-10-04 13:51:58.507970,0 days 00:02:11.329948,0.8488097705125015,64,1024,0.29087538832936755,48,0.00044684675025045853,20261004-1349_kaggle_t1_universal_v2-trial3,,COMPLETE
4,0.1752291057808021,2026-10-04 13:51:58.531604,2026-10-04 13:54:37.209071,0 days 00:02:38.677467,0.6264205293593214,128,2048,0.10702599800807679,64,0.002442046084491142,20261004-1351_kaggle_t1_universal_v2-trial4,,COMPLETE
5,0.20396317405443962,2026-10-04 13:54:37.229819,2026-10-04 13:56:19.156070,0 days 00:01:41.926251,0.5333200932803407,64,1024,0.2313811040057837,32,0.000633326877532184,20261004-1354_kaggle_t1_universal_v2-trial5,,COMPLETE
6,0.19711910984883813,2026-10-04 13:56:19.174575,2026-10-04 13:58:52.551658,0 days 00:02:33.377083,0.5538174106722358,64,1024,0.14166447754858477,64,0.00033845220412011414,20261004-1356_kaggle_t1_universal_v2-trial6,,COMPLETE
7,0.17140873002379364,2026-10-04 13:58:52.570110,2026-10-04 14:01:23.651983,0 days 00:02:31.081873,0.7288568110241163,128,2048,0.094306794322898,64,0.001131225105716033,20261004-1358_kaggle_t1_universal_v2-trial7,,COMPLETE
8,0.216605303065001,2026-10-04 14:01:23.673441,2026-10-04 14:02:20.559898,0 days 00:00:56.886457,0.8616524346046015,128,4096,0.2614381770563153,32,0.0021907142272152816,20261004-1401_kaggle_t1_universal_v2-trial8,,PRUNED
9,0.19306834767010753,2026-10-04 14:02:20.578666,2026-10-04 14:04:54.880738,0 days 00:02:34.302072,0.7298362861599046,32,1024,0.002085639159357211,64,0.00018861950443028856,20261004-1402_kaggle_t1_universal_v2-trial9,,COMPLETE
10,0.3217503165107463,2026-10-04 14:04:54.899388,2026-10-04 14:05:45.551291,0 days 00:00:50.651903,0.7352736931259332,128,2048,0.2276488815737132,16,0.0003178222454739873,20261004-1404_kaggle_t1_universal_v2-trial10,"{""alpha"": 0.7352736931259332, ""batch"": 128, ""bottleneck_dim"": 2048, ""dropout"": 0.2276488815737132, ""encoder_channels"": 16, ""lr"": 0.0003178222454739873}",PRUNED
11,0.17049004830819878,2026-10-04 14:05:45.569262,2026-10-04 14:08:18.244228,0 days 00:02:32.674966,0.7352293616118823,128,2048,0.11764495002789188,64,0.0010083465834869305,20261004-1405_kaggle_t1_universal_v2-trial11,"{""alpha"": 0.7352293616118823, ""batch"": 128, ""bottleneck_dim"": 2048, ""dropout"": 0.11764495002789188, ""encoder_channels"": 64, ""lr"": 0.0010083465834869305}",COMPLETE
12,0.14712962696047843,2026-10-04 14:08:18.266159,2026-10-04 14:10:50.750247,0 days 00:02:32.484088,0.699434135030808,32,2048,0.08366631260626733,64,0.0008344881661227687,20261004-1408_kaggle_t1_universal_v2-trial12,"{""alpha"": 0.699434135030808, ""batch"": 32, ""bottleneck_dim"": 2048, ""dropout"": 0.08366631260626733, ""encoder_channels"": 64, ""lr"": 0.0008344881661227687}",COMPLETE
13,0.1577222707602904,2026-10-04 14:10:50.771503,2026-10-04 14:12:58.699520,0 days 00:02:07.928017,0.6407185564205226,32,2048,0.06682060346579963,48,0.00034325999461789147,20261004-1410_kaggle_t1_universal_v2-trial13,"{""alpha"": 0.6407185564205226, ""batch"": 32, ""bottleneck_dim"": 2048, ""dropout"": 0.06682060346579963, ""encoder_channels"": 48, ""lr"": 0.00034325999461789147}",COMPLETE
14,0.1622789428498515,2026-10-04 14:12:58.717743,2026-10-04 14:15:04.264266,0 days 00:02:05.546523,0.8437135998807879,32,2048,0.02833700345837154,48,0.000357711719435046,20261004-1412_kaggle_t1_universal_v2-trial14,"{""alpha"": 0.8437135998807879, ""batch"": 32, ""bottleneck_dim"": 2048, ""dropout"": 0.02833700345837154, ""encoder_channels"": 48, ""lr"": 0.000357711719435046}",COMPLETE
15,0.16150277612209524,2026-10-04 14:15:04.282576,2026-10-04 14:17:11.453146,0 days 00:02:07.170570,0.5228427302105054,32,2048,0.1334706734925799,48,0.0005227996294242662,20261004-1415_kaggle_t1_universal_v2-trial15,"{""alpha"": 0.5228427302105054, ""batch"": 32, ""bottleneck_dim"": 2048, ""dropout"": 0.1334706734925799, ""encoder_channels"": 48, ""lr"": 0.0005227996294242662}",COMPLETE
16,0.1855755694332006,2026-10-04 14:17:11.472435,2026-10-04 14:18:38.255654,0 days 00:01:26.783219,0.5685252750043625,32,2048,0.04734383698843787,16,0.0005490996829166853,20261004-1417_kaggle_t1_universal_v2-trial16,"{""alpha"": 0.5685252750043625, ""batch"": 32, ""bottleneck_dim"": 2048, ""dropout"": 0.04734383698843787, ""encoder_channels"": 16, ""lr"": 0.0005490996829166853}",PRUNED
17,0.16293176334685364,2026-10-04 14:18:38.273319,2026-10-04 14:20:45.694988,0 days 00:02:07.421669,0.6752154381980818,32,2048,0.08816096033789882,48,0.00023178199151429886,20261004-1418_kaggle_t1_universal_v2-trial17,"{""alpha"": 0.6752154381980818, ""batch"": 32, ""bottleneck_dim"": 2048, ""dropout"": 0.08816096033789882, ""encoder_channels"": 48, ""lr"": 0.00023178199151429886}",COMPLETE
18,0.1541719949973808,2026-10-04 14:20:45.714065,2026-10-04 14:23:19.690129,0 days 00:02:33.976064,0.8232325551944615,32,2048,0.16308485068362938,64,0.0004791565499150108,20261004-1420_kaggle_t1_universal_v2-trial18,"{""alpha"": 0.8232325551944615, ""batch"": 32, ""bottleneck_dim"": 2048, ""dropout"": 0.16308485068362938, ""encoder_channels"": 64, ""lr"": 0.0004791565499150108}",COMPLETE
19,0.15349682581069393,2026-10-04 14:23:19.711667,2026-10-04 14:25:53.338616,0 days 00:02:33.626949,0.8374821065210923,32,2048,0.20380388846319947,64,0.0006357245197408186,20261004-1423_kaggle_t1_universal_v2-trial19,"{""alpha"": 0.8374821065210923, ""batch"": 32, ""bottleneck_dim"": 2048, ""dropout"": 0.20380388846319947, ""encoder_channels"": 64, ""lr"": 0.0006357245197408186}",COMPLETE
20,0.1464461815643438,2026-10-04 14:25:53.356316,2026-10-04 14:28:26.707920,0 days 00:02:33.351604,0.6376104962032065,32,2048,0.15057392498196537,64,0.0007847703765986782,20261004-1425_kaggle_t1_universal_v2-trial20,"{""alpha"": 0.6376104962032065, ""batch"": 32, ""bottleneck_dim"": 2048, ""dropout"": 0.15057392498196537, ""encoder_channels"": 64, ""lr"": 0.0007847703765986782}",COMPLETE
21,0.14461505846765763,2026-10-04 14:28:26.729217,2026-10-04 14:30:59.916832,0 days 00:02:33.187615,0.6280444428348363,32,2048,0.20565348548254087,64,0.0012187192607970444,20261004-1428_kaggle_t1_universal_v2-trial21,"{""alpha"": 0.6280444428348363, ""batch"": 32, ""bottleneck_dim"": 2048, ""dropout"": 0.20565348548254087, ""encoder_channels"": 64, ""lr"": 0.0012187192607970444}",COMPLETE
22,0.1429226588794415,2026-10-04 14:30:59.937427,2026-10-04 14:33:33.044332,0 days 00:02:33.106905,0.5578497666185073,32,2048,0.2579988607429763,64,0.001985457186076454,20261004-1431_kaggle_t1_universal_v2-trial22,"{""alpha"": 0.5578497666185073, ""batch"": 32, ""bottleneck_dim"": 2048, ""dropout"": 0.2579988607429763, ""encoder_channels"": 64, ""lr"": 0.001985457186076454}",COMPLETE
23,0.14486970775254557,2026-10-04 14:33:33.066675,2026-10-04 14:36:06.060649,0 days 00:02:32.993974,0.6526649963082901,32,2048,0.2770332913660977,64,0.001767673122254071,20261004-1433_kaggle_t1_universal_v2-trial23,"{""alpha"": 0.6526649963082901, ""batch"": 32, ""bottleneck_dim"": 2048, ""dropout"": 0.2770332913660977, ""encoder_channels"": 64, ""lr"": 0.001767673122254071}",COMPLETE
24,0.14435407820059007,2026-10-04 14:36:06.079398,2026-10-04 14:38:39.692085,0 days 00:02:33.612687,0.6101331084626084,32,2048,0.24989597075484918,64,0.0014619794717943444,20261004-1436_kaggle_t1_universal_v2-trial24,"{""alpha"": 0.6101331084626084, ""batch"": 32, ""bottleneck_dim"": 2048, ""dropout"": 0.24989597075484918, ""encoder_channels"": 64, ""lr"": 0.0014619794717943444}",COMPLETE
25,0.14352863969701424,2026-10-04 14:38:39.712197,2026-10-04 14:41:12.635004,0 days 00:02:32.922807,0.594470234151332,32,2048,0.2071123672188096,64,0.0015112957888051774,20261004-1438_kaggle_t1_universal_v2-trial25,"{""alpha"": 0.594470234151332, ""batch"": 32, ""bottleneck_dim"": 2048, ""dropout"": 0.2071123672188096, ""encoder_channels"": 64, ""lr"": 0.0015112957888051774}",COMPLETE
26,0.14341679293442133,2026-10-04 14:41:12.654614,2026-10-04 14:43:45.704696,0 days 00:02:33.050082,0.5216658635032896,32,2048,0.27466914387843505,64,0.0014773472047861689,20261004-1441_kaggle_t1_universal_v2-trial26,"{""alpha"": 0.5216658635032896, ""batch"": 32, ""bottleneck_dim"": 2048, ""dropout"": 0.27466914387843505, ""encoder_channels"": 64, ""lr"": 0.0014773472047861689}",COMPLETE
27,0.1427349065412747,2026-10-04 14:43:45.725839,2026-10-04 14:46:19.406882,0 days 00:02:33.681043,0.5455424753625675,32,2048,0.16539632245236063,64,0.0013968401430090394,20261004-1443_kaggle_t1_universal_v2-trial27,"{""alpha"": 0.5455424753625675, ""batch"": 32, ""bottleneck_dim"": 2048, ""dropout"": 0.16539632245236063, ""encoder_channels"": 64, ""lr"": 0.0013968401430090394}",COMPLETE
28,0.1442724111257121,2026-10-04 14:46:19.428240,2026-10-04 14:48:52.427270,0 days 00:02:32.999030,0.5369897684720597,32,2048,0.2713008963521994,64,0.001189128908176286,20261004-1446_kaggle_t1_universal_v2-trial28,"{""alpha"": 0.5369897684720597, ""batch"": 32, ""bottleneck_dim"": 2048, ""dropout"": 0.2713008963521994, ""encoder_channels"": 64, ""lr"": 0.001189128908176286}",COMPLETE
29,0.1412973847257925,2026-10-04 14:48:52.447294,2026-10-04 14:51:24.504345,0 days 00:02:32.057051,0.5297697611148208,32,2048,0.1953602319081586,64,0.0024569405539374813,20261004-1448_kaggle_t1_universal_v2-trial29,"{""alpha"": 0.5297697611148208, ""batch"": 32, ""bottleneck_dim"": 2048, ""dropout"": 0.1953602319081586, ""encoder_channels"": 64, ""lr"": 0.0024569405539374813}",COMPLETE
30,0.14270242171250688,2026-10-04 14:51:24.525909,2026-10-04 14:53:57.315999,0 days 00:02:32.790090,0.608554428428194,32,2048,0.15593411299551688,64,0.0029142803117549396,20261004-1451_kaggle_t1_universal_v2-trial30,"{""alpha"": 0.608554428428194, ""batch"": 32, ""bottleneck_dim"": 2048, ""dropout"": 0.15593411299551688, ""encoder_channels"": 64, ""lr"": 0.0029142803117549396}",COMPLETE
31,0.141387372951494,2026-10-04 14:53:57.336579,2026-10-04 14:56:29.950871,0 days 00:02:32.614292,0.5341979467619806,32,2048,0.17045618355456388,64,0.0025323652077032265,20261004-1453_kaggle_t1_universal_v2-trial31,"{""alpha"": 0.5341979467619806, ""batch"": 32, ""bottleneck_dim"": 2048, ""dropout"": 0.17045618355456388, ""encoder_channels"": 64, ""lr"": 0.0025323652077032265}",COMPLETE
32,0.141214027802799,2026-10-04 14:56:29.969081,2026-10-04 14:59:02.418906,0 days 00:02:32.449825,0.5577250715914175,32,2048,0.1688238194089987,64,0.002569905679199905,20261004-1456_kaggle_t1_universal_v2-trial32,"{""alpha"": 0.5577250715914175, ""batch"": 32, ""bottleneck_dim"": 2048, ""dropout"": 0.1688238194089987, ""encoder_channels"": 64, ""lr"": 0.002569905679199905}",COMPLETE
33,0.1405560577031397,2026-10-04 14:59:02.440688,2026-10-04 15:01:34.251774,0 days 00:02:31.811086,0.5022018464807292,32,2048,0.14768499158692194,64,0.002303889988826024,20261004-1459_kaggle_t1_universal_v2-trial33,"{""alpha"": 0.5022018464807292, ""batch"": 32, ""bottleneck_dim"": 2048, ""dropout"": 0.14768499158692194, ""encoder_channels"": 64, ""lr"": 0.002303889988826024}",COMPLETE
34,0.174136631837388,2026-10-04 15:01:34.272870,2026-10-04 15:02:31.228107,0 days 00:00:56.955237,0.5128602605358541,32,2048,0.13504391778648045,32,0.0024102934384509804,20261004-1501_kaggle_t1_universal_v2-trial34,"{""alpha"": 0.5128602605358541, ""batch"": 32, ""bottleneck_dim"": 2048, ""dropout"": 0.13504391778648045, ""encoder_channels"": 32, ""lr"": 0.0024102934384509804}",PRUNED
35,0.14179706909445763,2026-10-04 15:02:31.245285,2026-10-04 15:05:02.886476,0 days 00:02:31.641191,0.5104687212032816,32,2048,0.23654805471480977,64,0.002551962978353772,20261004-1502_kaggle_t1_universal_v2-trial35,"{""alpha"": 0.5104687212032816, ""batch"": 32, ""bottleneck_dim"": 2048, ""dropout"": 0.23654805471480977, ""encoder_channels"": 64, ""lr"": 0.002551962978353772}",COMPLETE
36,0.1417371087648106,2026-10-04 15:05:02.904314,2026-10-04 15:07:33.887538,0 days 00:02:30.983224,0.527606444149592,32,2048,0.1687021552614872,64,0.0026506152059941703,20261004-1505_kaggle_t1_universal_v2-trial36,"{""alpha"": 0.527606444149592, ""batch"": 32, ""bottleneck_dim"": 2048, ""dropout"": 0.1687021552614872, ""encoder_channels"": 64, ""lr"": 0.0026506152059941703}",COMPLETE
37,0.14340532915261778,2026-10-04 15:07:33.905850,2026-10-04 15:10:05.163591,0 days 00:02:31.257741,0.6155975548580771,32,2048,0.22821922449492194,64,0.0029541206179857916,20261004-1507_kaggle_t1_universal_v2-trial37,"{""alpha"": 0.6155975548580771, ""batch"": 32, ""bottleneck_dim"": 2048, ""dropout"": 0.22821922449492194, ""encoder_channels"": 64, ""lr"": 0.0029541206179857916}",COMPLETE
38,0.1655341480357532,2026-10-04 15:10:05.181814,2026-10-04 15:11:12.733010,0 days 00:01:07.551196,0.513053341939875,32,2048,0.11899652559383649,48,0.0010943501253601567,20261004-1510_kaggle_t1_universal_v2-trial38,"{""alpha"": 0.513053341939875, ""batch"": 32, ""bottleneck_dim"": 2048, ""dropout"": 0.11899652559383649, ""encoder_channels"": 48, ""lr"": 0.0010943501253601567}",PRUNED
39,0.14087314879187665,2026-10-04 15:11:12.750091,2026-10-04 15:13:44.294821,0 days 00:02:31.544730,0.562142629611669,32,2048,0.09607181086289618,64,0.0020219250156681494,20261004-1511_kaggle_t1_universal_v2-trial39,"{""alpha"": 0.562142629611669, ""batch"": 32, ""bottleneck_dim"": 2048, ""dropout"": 0.09607181086289618, ""encoder_channels"": 64, ""lr"": 0.0020219250156681494}",COMPLETE
