number,value,datetime_start,datetime_complete,duration,params_batch,params_bottleneck,params_channels,params_l1_ssim_weight,params_lr,user_attrs_J_blur,user_attrs_J_occlusion,user_attrs_J_salt,state
0,0.20959679182261173,2026-10-04 15:50:03.707561,2026-10-04 15:51:55.994046,0 days 00:01:52.286485,64,1024,64,0.9364594334728974,0.0003574712922600243,0.17847401868936646,0.24855283737870987,0.20176351939975892,COMPLETE
1,0.1909530734781689,2026-10-04 15:51:56.017604,2026-10-04 15:53:38.711157,0 days 00:01:42.693553,32,1024,32,0.6648628294821612,0.0016967533607196547,0.16753870705851232,0.2315106543854041,0.1738098589905902,COMPLETE
2,0.22497184345147747,2026-10-04 15:53:38.731461,2026-10-04 15:55:20.768490,0 days 00:01:42.037029,128,1024,48,0.8637788066524075,0.000471705203762518,0.19501351678501005,0.26366872569222166,0.21623328787720072,COMPLETE
3,0.17677605654403186,2026-10-04 15:55:20.787594,2026-10-04 15:57:04.786233,0 days 00:01:43.998639,64,2048,64,0.7340306095300149,0.00028180680291847244,0.1413121080360092,0.21584745065268615,0.17316861094340033,COMPLETE
4,0.2436535381880737,2026-10-04 15:57:04.807354,2026-10-04 15:58:39.113327,0 days 00:01:34.305973,64,2048,16,0.646398648843469,0.000642033033629786,0.19691816504801746,0.30687885993646213,0.2271635895797416,COMPLETE
5,0.16738681285810805,2026-10-04 15:58:39.131469,2026-10-04 16:00:21.381170,0 days 00:01:42.249701,64,2048,64,0.5894220566903776,0.00037507963596256056,0.13216403375238017,0.20645943118016358,0.1635369736417804,COMPLETE
6,0.2668263459547787,2026-10-04 16:00:21.402923,2026-10-04 16:01:34.196663,0 days 00:01:12.793740,32,1024,16,0.5286012576287107,0.0001018959297939515,0.2533056481903338,,0.28034704371922364,PRUNED
7,0.37859751367131655,2026-10-04 16:01:34.212561,2026-10-04 16:02:44.053804,0 days 00:01:09.841243,128,2048,16,0.7222080183639759,0.0002879775265707035,0.3673082246121181,,0.38988680273051496,PRUNED
8,0.18236775008414913,2026-10-04 16:02:44.070735,2026-10-04 16:03:55.070761,0 days 00:01:11.000026,32,1024,32,0.8399980123443719,0.0005917520523090669,0.17428060626084713,,0.1904548939074511,PRUNED
9,0.4158802468167699,2026-10-04 16:03:55.086968,2026-10-04 16:05:04.467204,0 days 00:01:09.380236,128,2048,16,0.7427040088620428,0.00021775224101934097,0.4095429779111367,,0.42221751572240307,PRUNED
