number,value,datetime_start,datetime_complete,duration,params_base_channels,params_batch_size,params_dropout,params_lambda_l1,params_lr_d,params_lr_g,params_style_dim,user_attrs_note,user_attrs_original_trial_number,user_attrs_source,state
0,,2026-10-04 22:57:27.749575,2026-10-04 22:57:27.749575,0 days,,,,,,,,crashed before training (filename bug) in the first Colab session; parameters not recorded,0,"placeholder, not in the console log",FAIL
1,,2026-10-04 22:57:27.776095,2026-10-04 22:57:27.776095,0 days,,,,,,,,crashed before training (filename bug) in the first Colab session; parameters not recorded,1,"placeholder, not in the console log",FAIL
2,,2026-10-04 22:57:27.787786,2026-10-04 22:57:27.787786,0 days,,,,,,,,crashed before training (filename bug) in the first Colab session; parameters not recorded,2,"placeholder, not in the console log",FAIL
3,,2026-10-04 22:57:27.799169,2026-10-04 22:57:27.799169,0 days,,,,,,,,crashed before training (filename bug) in the first Colab session; parameters not recorded,3,"placeholder, not in the console log",FAIL
4,,2026-10-04 22:57:27.811293,2026-10-04 22:57:27.811293,0 days,,,,,,,,crashed before training (filename bug) in the first Colab session; parameters not recorded,4,"placeholder, not in the console log",FAIL
5,,2026-10-04 22:57:27.821028,2026-10-04 22:57:27.821028,0 days,,,,,,,,crashed before training (filename bug) in the first Colab session; parameters not recorded,5,"placeholder, not in the console log",FAIL
6,0.1013201967475299,2026-10-04 22:57:27.831152,2026-10-04 22:57:27.831152,0 days,64.0,8.0,0.2100241739388532,19.4472590537094,0.000366959702398,0.0001379699680783,8.0,,6,transcribed from Colab console log (original study DB lost),COMPLETE
7,0.1138839331812828,2026-10-04 22:57:27.876267,2026-10-04 22:57:27.876267,0 days,32.0,16.0,0.0203028411911065,11.4491514218246,0.0003282806576777,0.0001634374353356,16.0,,7,transcribed from Colab console log (original study DB lost),COMPLETE
8,0.1074026205754629,2026-10-04 22:57:27.917354,2026-10-04 22:57:27.917354,0 days,64.0,16.0,0.3426926418451905,11.5290940046689,0.0002372095754091,0.0001554648694259,16.0,,8,transcribed from Colab console log (original study DB lost),COMPLETE
9,0.0956801638413275,2026-10-04 22:57:27.946232,2026-10-04 22:57:27.946232,0 days,64.0,8.0,0.3321389085469945,158.4663081837687,0.0001680808910715,0.0001056960044037,32.0,,9,transcribed from Colab console log (original study DB lost),COMPLETE
10,0.0987481406149874,2026-10-04 22:57:27.966306,2026-10-04 22:57:27.966306,0 days,64.0,16.0,0.3966653280442391,36.3732392126296,0.0001235027459391,0.000367818536207,32.0,,10,transcribed from Colab console log (original study DB lost),COMPLETE
11,,2026-10-04 22:57:27.990344,2026-10-04 22:57:27.990344,0 days,,,,,,,,,11,transcribed from Colab console log (original study DB lost),PRUNED
12,,2026-10-04 22:57:28.001571,2026-10-04 22:57:28.001571,0 days,,,,,,,,,12,transcribed from Colab console log (original study DB lost),PRUNED
13,0.1011206169048445,2026-10-04 22:57:28.014127,2026-10-04 22:57:28.014127,0 days,64.0,32.0,0.2330630302493193,70.57343635222911,0.0002630427112469,0.000104836531456,8.0,,13,transcribed from Colab console log (original study DB lost),COMPLETE
14,0.0982533405911747,2026-10-04 22:57:28.036820,2026-10-04 22:57:28.036820,0 days,32.0,16.0,0.4724723869488724,70.99354003703158,0.0003519701771407,0.0002936387765528,32.0,,14,transcribed from Colab console log (original study DB lost),COMPLETE
15,,2026-10-04 22:57:28.060901,2026-10-04 22:57:28.060901,0 days,,,,,,,,,15,transcribed from Colab console log (original study DB lost),PRUNED
16,0.0947204198477403,2026-10-04 22:57:28.074089,2026-10-04 22:57:28.074089,0 days,64.0,8.0,0.3678338935448513,132.9094436796923,0.0002442535573012,0.0003428634397325,32.0,,16,transcribed from Colab console log (original study DB lost),COMPLETE
17,,2026-10-04 22:57:28.100577,2026-10-04 22:57:28.100577,0 days,,,,,,,,,17,transcribed from Colab console log (original study DB lost),PRUNED
18,,2026-10-04 22:57:28.119330,2026-10-04 22:57:28.119330,0 days,,,,,,,,,18,transcribed from Colab console log (original study DB lost),PRUNED
19,0.095996711239125,2026-10-04 22:57:28.136307,2026-10-04 22:57:28.136307,0 days,64.0,8.0,0.3658384255382825,107.74781305892144,0.0001643197776022,0.0001173459247857,32.0,,19,transcribed from Colab console log (original study DB lost),COMPLETE
20,,2026-10-04 22:57:28.168327,2026-10-04 22:57:28.168327,0 days,,,,,,,,,20,transcribed from Colab console log (original study DB lost),PRUNED
21,0.0935184830639597,2026-10-04 22:57:28.184262,2026-10-04 22:57:28.184262,0 days,64.0,8.0,0.3811821614594902,173.80836676175807,0.0002914150007063,0.0001754667343245,32.0,,21,transcribed from Colab console log (original study DB lost),COMPLETE
22,0.095639267557572,2026-10-04 22:57:28.207606,2026-10-04 22:57:28.207606,0 days,32.0,8.0,0.361980539942589,192.73701267020357,0.0002788723992674,0.0001634357844167,32.0,,22,transcribed from Colab console log (original study DB lost),COMPLETE
23,0.0934360399686065,2026-10-04 22:57:28.232798,2026-10-04 22:57:28.232798,0 days,64.0,8.0,0.4811166825103663,193.6197292807374,0.0003128786338251,0.0001475219843303,32.0,,23,transcribed from Colab console log (original study DB lost),COMPLETE
24,0.0951814151659951,2026-10-04 22:57:28.261756,2026-10-04 22:57:28.261756,0 days,64.0,8.0,0.4360517049638305,163.20483868989643,0.0003377699260119,0.0001072235299612,32.0,,24,transcribed from Colab console log (original study DB lost),COMPLETE
25,0.0928155106318572,2026-10-04 22:57:28.287068,2026-10-04 22:57:28.287068,0 days,64.0,8.0,0.2933825212361063,199.7101417356264,0.0003492289522955,0.0002313811486974,32.0,,25,transcribed from Colab console log (original study DB lost),COMPLETE
