number,value,datetime_start,datetime_complete,duration,params_batch,params_conv_channels,params_dropout,params_lr,params_weight_decay,user_attrs_run_id,system_attrs_tpe:relative_params:0,state
0,0.9717132654506956,2026-10-04 15:38:04.601856,2026-10-04 15:39:02.011492,0 days 00:00:57.409636,32,32-64-128-256,0.3005575058716044,0.0003574712922600243,0.0006796578090758161,20261004-1538_kaggle_t2_classifier-trial0,,COMPLETE
1,0.9416248727174891,2026-10-04 15:39:02.034110,2026-10-04 15:39:42.850460,0 days 00:00:40.816350,32,32-64-128-256,0.21597250932105788,0.00010725209743172001,1.461896279370496e-05,20261004-1539_kaggle_t2_classifier-trial1,,COMPLETE
2,0.9237732697291041,2026-10-04 15:39:42.869115,2026-10-04 15:40:22.351959,0 days 00:00:39.482844,128,32-64-128,0.29620728443102123,0.0008012737503998541,1.5339162591163623e-06,20261004-1539_kaggle_t2_classifier-trial2,,COMPLETE
3,0.8459945769314667,2026-10-04 15:40:22.369908,2026-10-04 15:41:01.212861,0 days 00:00:38.842953,128,16-32-64,0.34211651325607845,0.0007896186801026692,5.762487216478604e-05,20261004-1540_kaggle_t2_classifier-trial3,,COMPLETE
4,0.7585114606535854,2026-10-04 15:41:01.231937,2026-10-04 15:41:40.213009,0 days 00:00:38.981072,128,32-64-128,0.2733551396716398,0.00015144860262751404,5.4880470007660465e-06,20261004-1541_kaggle_t2_classifier-trial4,,COMPLETE
5,0.9685792002277177,2026-10-04 15:41:40.230831,2026-10-04 15:42:22.967616,0 days 00:00:42.736785,64,32-64-128,0.022613644455269033,0.0027051668818999287,2.0013420622879995e-05,20261004-1541_kaggle_t2_classifier-trial5,,COMPLETE
6,0.9673944099956459,2026-10-04 15:42:22.985453,2026-10-04 15:43:02.892169,0 days 00:00:39.906716,64,32-64-128-256,0.03727532183988541,0.00037507963596256056,0.008862326508576254,20261004-1542_kaggle_t2_classifier-trial6,,COMPLETE
7,0.9676570063496673,2026-10-04 15:43:02.911086,2026-10-04 15:43:43.413604,0 days 00:00:40.502518,128,16-32-64-128,0.1792328642721363,0.0013826083091896758,2.907208890659845e-06,20261004-1543_kaggle_t2_classifier-trial7,,COMPLETE
8,0.9789066257960585,2026-10-04 15:43:43.431509,2026-10-04 15:44:25.733602,0 days 00:00:42.302093,32,16-32-64-128,0.44360637128816327,0.0018832519048593583,7.742116473996259e-05,20261004-1543_kaggle_t2_classifier-trial8,,COMPLETE
9,0.6902949163272688,2026-10-04 15:44:25.755647,2026-10-04 15:44:51.748847,0 days 00:00:25.993200,64,16-32-64,0.012709563372047594,0.00015019490572374368,2.7012557725439094e-06,20261004-1544_kaggle_t2_classifier-trial9,,PRUNED
10,0.9812780421614435,2026-10-04 15:44:51.766827,2026-10-04 15:45:32.943403,0 days 00:00:41.176576,32,16-32-64-128,0.39996509593831964,0.0021750300246031274,8.918064582360691e-05,20261004-1544_kaggle_t2_classifier-trial10,"{""batch"": 32, ""conv_channels"": ""16-32-64-128"", ""dropout"": 0.39996509593831964, ""lr"": 0.0021750300246031274, ""weight_decay"": 8.918064582360691e-05}",COMPLETE
11,0.978243413683314,2026-10-04 15:45:32.963832,2026-10-04 15:46:13.257350,0 days 00:00:40.293518,32,16-32-64-128,0.44461788206707464,0.0027726190333245727,0.0003299770599140674,20261004-1545_kaggle_t2_classifier-trial11,"{""batch"": 32, ""conv_channels"": ""16-32-64-128"", ""dropout"": 0.44461788206707464, ""lr"": 0.0027726190333245727, ""weight_decay"": 0.0003299770599140674}",COMPLETE
