number,value,datetime_start,datetime_complete,duration,params_joint_lr,params_lambda_b,params_lambda_c,params_recon_l1_share,params_tau,user_attrs_mean_w_by_class,user_attrs_pruned_reason,user_attrs_run_id,user_attrs_val_J_per_epoch,system_attrs_fixed_params,state
0,,2026-10-04 20:00:05.730354,2026-10-04 20:00:08.340898,0 days 00:00:02.610544,5e-05,0.01,0.1,0.8,1.0,,,20261004-2000_kaggle_t3_moe-trial0,,"{'joint_lr': 5e-05, 'tau': 1.0, 'lambda_c': 0.1, 'lambda_b': 0.01, 'recon_l1_share': 0.8}",FAIL
1,,2026-10-04 20:01:15.375511,2026-10-04 20:01:17.500017,0 days 00:00:02.124506,1.411527819587233e-05,0.0030281629390877954,0.018483402816293362,0.5126403862772408,2.0325280303736126,,,20261004-2001_kaggle_t3_moe-trial1,,,FAIL
2,0.10408494286674133,2026-10-04 20:02:23.494229,2026-10-04 20:02:49.292743,0 days 00:00:25.798514,0.00012194238280346181,0.005260192921410246,0.30851832395070156,0.5335520445752467,0.6364526640781347,"[[0.9636194705963135, 1.0548898899287451e-05, 0.022077076137065887, 0.014292762614786625], [4.38406004832359e-08, 1.0, 5.381566303697127e-10, 1.768713886463047e-08], [0.008922440931200981, 3.2648166392590383e-09, 0.9910750985145569, 2.4990092697407817e-06], [5.634361878037453e-05, 4.53630690344653e-07, 1.548113868921064e-05, 0.9999278783798218]]",,20261004-2002_kaggle_t3_moe-trial2,"[0.10341780020006514, 0.10445390752491551, 0.10408494286674133]",,COMPLETE
3,0.10334200317718904,2026-10-04 20:02:49.317753,2026-10-04 20:03:09.224471,0 days 00:00:19.906718,6.203508872281681e-05,0.010466580528023326,0.0657877782257872,0.7615961956625976,1.2380824157090626,"[[0.9552347660064697, 0.0006288906442932785, 0.02601775713264942, 0.018118515610694885], [0.0001284758182009682, 0.9998077750205994, 1.3924907761975192e-05, 4.978645665687509e-05], [0.038228441029787064, 7.612668014189694e-06, 0.9614603519439697, 0.00030363109544850886], [0.005310532171279192, 0.00032617885153740644, 0.001366187003441155, 0.9929970502853394]]",,20261004-2002_kaggle_t3_moe-trial3,"[0.10192877328407852, 0.10338895519640554, 0.10334200317718904]",,COMPLETE
4,0.10224295279558844,2026-10-04 20:03:09.248614,2026-10-04 20:03:29.817294,0 days 00:00:20.568680,0.00017769427287052337,0.0016862711204973628,0.07166432953436665,0.4416342650752407,1.4308401339685166,"[[0.9514541625976562, 0.0012059685541316867, 0.02693389356136322, 0.020405886694788933], [0.0009275162010453641, 0.9988382458686829, 4.120738594792783e-05, 0.0001930385478772223], [0.06757718324661255, 4.601465479936451e-05, 0.9313520193099976, 0.0010247580939903855], [0.01919686421751976, 0.0009711344027891755, 0.0030736324843019247, 0.9767583608627319]]",,20261004-2003_kaggle_t3_moe-trial4,"[0.10155933491452505, 0.10276004189649543, 0.10224295279558844]",,COMPLETE
5,0.10284643647458364,2026-10-04 20:03:29.838709,2026-10-04 20:03:51.010211,0 days 00:00:21.171502,0.0001760758857819992,0.019625517836388162,0.5802946442385779,0.43898612788489555,4.3885467055548055,"[[0.6607306599617004, 0.06334325671195984, 0.10894828289747238, 0.16697783768177032], [0.02483277954161167, 0.9441523551940918, 0.007603511679917574, 0.02341141737997532], [0.19972917437553406, 0.009799580089747906, 0.7494926452636719, 0.040978554636240005], [0.05204825475811958, 0.04381641745567322, 0.014805082231760025, 0.889330267906189]]",,20261004-2003_kaggle_t3_moe-trial5,"[0.10245625618794608, 0.10323510926125733, 0.10284643647458364]",,COMPLETE
6,0.10372466368535503,2026-10-04 20:03:51.029818,2026-10-04 20:04:12.225309,0 days 00:00:21.195491,6.738101553267858e-05,0.055940503414193404,0.08268146071567758,0.46799269881359784,0.6888366664026544,"[[0.9693104028701782, 1.2035285180900246e-05, 0.019227081909775734, 0.011450481601059437], [2.106549743530195e-07, 0.9999993443489075, 1.1903654062450642e-08, 4.1731706801328983e-07], [0.015104519203305244, 1.1451645853810533e-08, 0.9848902225494385, 5.207749836699804e-06], [0.0008026075665839016, 2.179755711040343e-06, 0.0005261925398372114, 0.9986691474914551]]",,20261004-2003_kaggle_t3_moe-trial6,"[0.10306909097201147, 0.10387931809148561, 0.10372466368535503]",,COMPLETE
7,0.09692070159539783,2026-10-04 20:04:12.244884,2026-10-04 20:04:34.314752,0 days 00:00:22.069868,7.328097194130305e-05,0.013362875320023589,0.01984705741660534,0.403450921478546,3.644553588637853,"[[0.8049144744873047, 0.034583646804094315, 0.0552351251244545, 0.10526671260595322], [0.01558193564414978, 0.9642963409423828, 0.0036846131552010775, 0.016437094658613205], [0.2795245051383972, 0.008818943053483963, 0.6724178194999695, 0.03923872858285904], [0.14317995309829712, 0.03192116692662239, 0.02104008197784424, 0.8038588762283325]]",,20261004-2004_kaggle_t3_moe-trial7,"[0.09816077750102799, 0.09743136916222284, 0.09692070159539783]",,COMPLETE
8,0.10362372549360385,2026-10-04 20:04:34.336420,2026-10-04 20:04:55.261842,0 days 00:00:20.925422,1.678577840661886e-05,0.008135394049241402,0.0254609841184249,0.8164736955483409,0.635320640886009,"[[0.9725132584571838, 8.582693226344418e-06, 0.016508856788277626, 0.010969321243464947], [2.981870750318194e-08, 0.9999983310699463, 3.6789549184845782e-09, 1.6158434164026403e-06], [0.021838586777448654, 1.95236560251999e-09, 0.9781594276428223, 2.0351239982119296e-06], [0.002906070789322257, 1.4375049204318202e-06, 0.0033545095939189196, 0.9937379956245422]]",,20261004-2004_kaggle_t3_moe-trial8,"[0.1030012415908454, 0.10364579457841563, 0.10362372549360385]",,COMPLETE
9,0.0992839964104781,2026-10-04 20:04:55.280853,2026-10-04 20:05:16.775886,0 days 00:00:21.495033,0.000194576339251105,0.010751643388858862,0.05686313653579546,0.3382842988918503,3.1914438281361117,"[[0.8252008557319641, 0.02367192693054676, 0.06304166465997696, 0.0880855917930603], [0.015209856443107128, 0.9727087616920471, 0.0019289144547656178, 0.010152509436011314], [0.21872259676456451, 0.004039262421429157, 0.7549330592155457, 0.022305119782686234], [0.08047761768102646, 0.021539103239774704, 0.011271029710769653, 0.8867122530937195]]",,20261004-2004_kaggle_t3_moe-trial9,"[0.0992319101692967, 0.10016572329597852, 0.0992839964104781]",,COMPLETE
10,0.10456003305453838,2026-10-04 20:05:16.795777,2026-10-04 20:05:30.478553,0 days 00:00:13.682776,8.416990122774089e-05,0.028321459948944236,0.5824024105718894,0.8416880380871412,0.5908507861808996,"[[0.9643380641937256, 7.4322947511973325e-06, 0.02148430049419403, 0.014170273207128048], [9.88591075667955e-09, 1.0, 8.488559855024391e-11, 3.4609344279346033e-09], [0.008329814299941063, 7.211813368712683e-10, 0.9916691184043884, 1.0895834066104726e-06], [4.000568515039049e-05, 2.0753951446295105e-07, 6.407226010196609e-06, 0.9999534487724304]]",median,20261004-2005_kaggle_t3_moe-trial10,"[0.10361533010342436, 0.10456003305453838]",,PRUNED
11,0.10294494585389696,2026-10-04 20:05:30.495950,2026-10-04 20:05:52.282513,0 days 00:00:21.786563,8.395207280877992e-05,0.05798898373110349,0.7247790089540712,0.3617317891426977,2.4911502522478526,"[[0.8303285837173462, 0.018646055832505226, 0.06401485204696655, 0.08701059222221375], [0.004210094455629587, 0.9917845726013184, 0.0009483858593739569, 0.0030569592490792274], [0.10466594249010086, 0.0007455216837115586, 0.8870112299919128, 0.007577325217425823], [0.015871938318014145, 0.009030125103890896, 0.0034712422639131546, 0.9716266989707947]]",,20261004-2005_kaggle_t3_moe-trial11,"[0.10161218267856621, 0.1031438404537292, 0.10294494585389696]",,COMPLETE
