number,value,datetime_start,datetime_complete,duration,params_alpha,params_batch,params_bottleneck_dim,params_dropout,params_encoder_channels,params_lr,user_attrs_run_id,system_attrs_tpe:relative_params:0,state
0,0.3540750200121218,2026-10-04 02:54:20.580891,2026-10-04 02:58:07.751827,0 days 00:03:47.170936,0.5955525998052242,32,512,0.2497327922401265,64,0.0003574712922600243,20261004-0254_local_t1_universal-trial0,,COMPLETE
1,0.3715526932071004,2026-10-04 02:58:07.764922,2026-10-04 03:01:10.294793,0 days 00:03:02.529871,0.7314054972861253,128,256,0.05990213464750792,64,0.00018559980846490597,20261004-0258_local_t1_universal-trial1,,COMPLETE
2,0.36865500269619667,2026-10-04 03:01:10.304435,2026-10-04 03:04:00.827071,0 days 00:02:50.522636,0.7228296095500716,64,256,0.036611470453433645,48,0.000750011895041699,20261004-0301_local_t1_universal-trial2,,COMPLETE
3,0.38820484566056856,2026-10-04 03:04:00.849567,2026-10-04 03:05:58.693506,0 days 00:01:57.843939,0.9148434057604025,32,256,0.17936999364332554,16,0.00011240768803005555,20261004-0304_local_t1_universal-trial3,,COMPLETE
4,0.36955946361969993,2026-10-04 03:05:58.715474,2026-10-04 03:09:02.644191,0 days 00:03:03.928717,0.9440991214702328,128,256,0.022365193103931248,64,0.00013511829476450826,20261004-0305_local_t1_universal-trial4,,COMPLETE
5,0.4590352550047733,2026-10-04 03:09:02.654666,2026-10-04 03:11:37.826459,0 days 00:02:35.171793,0.5286012576287107,128,256,0.09926940745579475,48,0.0013826083091896758,20261004-0309_local_t1_universal-trial5,,COMPLETE
6,0.36912271095460036,2026-10-04 03:11:37.837126,2026-10-04 03:14:11.518658,0 days 00:02:33.681532,0.6923934582613473,64,64,0.1568198488145982,48,0.0002879775265707035,20261004-0311_local_t1_universal-trial6,,COMPLETE
7,0.4420890934896939,2026-10-04 03:14:11.530679,2026-10-04 03:16:23.457657,0 days 00:02:11.926978,0.5725495792643019,128,256,0.0869254358741304,32,0.00010903028125371,20261004-0314_local_t1_universal-trial7,,COMPLETE
8,0.41560936583023844,2026-10-04 03:16:23.466855,2026-10-04 03:17:30.179523,0 days 00:01:06.712668,0.6921985048818153,128,256,0.0683805487625825,32,0.0023619797107806506,20261004-0316_local_t1_universal-trial8,,PRUNED
9,0.3509557322376286,2026-10-04 03:17:30.186934,2026-10-04 03:19:13.871934,0 days 00:01:43.685000,0.9373019372244322,32,64,0.1090888807137882,16,0.0016155001304356408,20261004-0317_local_t1_universal-trial9,,COMPLETE
10,0.356892509325205,2026-10-04 03:19:13.895901,2026-10-04 03:20:56.834817,0 days 00:01:42.938916,0.8062399616595584,32,64,0.1026647140398248,16,0.00099373014143666,20261004-0319_local_t1_universal-trial10,"{""alpha"": 0.8062399616595584, ""batch"": 32, ""bottleneck_dim"": 64, ""dropout"": 0.1026647140398248, ""encoder_channels"": 16, ""lr"": 0.00099373014143666}",COMPLETE
11,0.33978333065549476,2026-10-04 03:20:56.843934,2026-10-04 03:24:39.397221,0 days 00:03:42.553287,0.8826156633998542,32,512,0.24084033256998524,64,0.00036013593257690815,20261004-0320_local_t1_universal-trial11,"{""alpha"": 0.8826156633998542, ""batch"": 32, ""bottleneck_dim"": 512, ""dropout"": 0.24084033256998524, ""encoder_channels"": 64, ""lr"": 0.00036013593257690815}",COMPLETE
12,0.3551417774490445,2026-10-04 03:24:39.408480,2026-10-04 03:28:23.071723,0 days 00:03:43.663243,0.9100238104065879,32,512,0.2239370039687426,64,0.00170057771855748,20261004-0324_local_t1_universal-trial12,"{""alpha"": 0.9100238104065879, ""batch"": 32, ""bottleneck_dim"": 512, ""dropout"": 0.2239370039687426, ""encoder_channels"": 64, ""lr"": 0.00170057771855748}",COMPLETE
13,0.3610366704651033,2026-10-04 03:28:23.081835,2026-10-04 03:30:04.803216,0 days 00:01:41.721381,0.8077009406840681,32,64,0.1592487076994037,16,0.00034984396499429586,20261004-0328_local_t1_universal-trial13,"{""alpha"": 0.8077009406840681, ""batch"": 32, ""bottleneck_dim"": 64, ""dropout"": 0.1592487076994037, ""encoder_channels"": 16, ""lr"": 0.00034984396499429586}",COMPLETE
14,0.3622329957661745,2026-10-04 03:30:04.828173,2026-10-04 03:31:48.245591,0 days 00:01:43.417418,0.8840340757687665,32,64,0.2902031186143947,16,0.0008874712324300938,20261004-0330_local_t1_universal-trial14,"{""alpha"": 0.8840340757687665, ""batch"": 32, ""bottleneck_dim"": 64, ""dropout"": 0.2902031186143947, ""encoder_channels"": 16, ""lr"": 0.0008874712324300938}",COMPLETE
15,0.3606256736624662,2026-10-04 03:31:48.257000,2026-10-04 03:33:30.449781,0 days 00:01:42.192781,0.8869598026519041,32,64,0.01016169693320032,16,0.002644919345765781,20261004-0331_local_t1_universal-trial15,"{""alpha"": 0.8869598026519041, ""batch"": 32, ""bottleneck_dim"": 64, ""dropout"": 0.01016169693320032, ""encoder_channels"": 16, ""lr"": 0.002644919345765781}",COMPLETE
16,0.3657576336383658,2026-10-04 03:33:30.460777,2026-10-04 03:34:58.118979,0 days 00:01:27.658202,0.9394371004862961,32,64,0.2727462666366426,32,0.00025063681835908594,20261004-0333_local_t1_universal-trial16,"{""alpha"": 0.9394371004862961, ""batch"": 32, ""bottleneck_dim"": 64, ""dropout"": 0.2727462666366426, ""encoder_channels"": 32, ""lr"": 0.00025063681835908594}",PRUNED
17,0.35446307182554965,2026-10-04 03:34:58.136413,2026-10-04 03:36:51.326564,0 days 00:01:53.190151,0.8334343731895919,32,512,0.09222975815275143,16,0.00039816693150631174,20261004-0334_local_t1_universal-trial17,"{""alpha"": 0.8334343731895919, ""batch"": 32, ""bottleneck_dim"": 512, ""dropout"": 0.09222975815275143, ""encoder_channels"": 16, ""lr"": 0.00039816693150631174}",COMPLETE
18,0.3394144995532849,2026-10-04 03:36:51.337750,2026-10-04 03:40:34.137719,0 days 00:03:42.799969,0.9337693494519127,32,512,0.176383302089602,64,0.0002913560030472835,20261004-0336_local_t1_universal-trial18,"{""alpha"": 0.9337693494519127, ""batch"": 32, ""bottleneck_dim"": 512, ""dropout"": 0.176383302089602, ""encoder_channels"": 64, ""lr"": 0.0002913560030472835}",COMPLETE
19,0.3472664090956602,2026-10-04 03:40:34.156378,2026-10-04 03:44:05.975150,0 days 00:03:31.818772,0.8782762450041963,64,512,0.1763016721892597,64,0.00018217804538277438,20261004-0340_local_t1_universal-trial19,"{""alpha"": 0.8782762450041963, ""batch"": 64, ""bottleneck_dim"": 512, ""dropout"": 0.1763016721892597, ""encoder_channels"": 64, ""lr"": 0.00018217804538277438}",COMPLETE
20,0.3458805888557159,2026-10-04 03:44:05.984411,2026-10-04 03:47:50.810597,0 days 00:03:44.826186,0.6997190528948631,32,512,0.23763747308226796,64,0.00016463571275986415,20261004-0344_local_t1_universal-trial20,"{""alpha"": 0.6997190528948631, ""batch"": 32, ""bottleneck_dim"": 512, ""dropout"": 0.23763747308226796, ""encoder_channels"": 64, ""lr"": 0.00016463571275986415}",COMPLETE
21,0.35591800586300215,2026-10-04 03:47:50.823291,2026-10-04 03:50:54.014726,0 days 00:03:03.191435,0.8307142975762721,32,64,0.26257328856004797,64,0.00021345848812914667,20261004-0347_local_t1_universal-trial21,"{""alpha"": 0.8307142975762721, ""batch"": 32, ""bottleneck_dim"": 64, ""dropout"": 0.26257328856004797, ""encoder_channels"": 64, ""lr"": 0.00021345848812914667}",COMPLETE
22,0.33948473627021053,2026-10-04 03:50:54.023987,2026-10-04 03:54:38.233691,0 days 00:03:44.209704,0.9229505776073221,32,512,0.22027582834818904,64,0.0002656210505876939,20261004-0350_local_t1_universal-trial22,"{""alpha"": 0.9229505776073221, ""batch"": 32, ""bottleneck_dim"": 512, ""dropout"": 0.22027582834818904, ""encoder_channels"": 64, ""lr"": 0.0002656210505876939}",COMPLETE
23,0.33810595904335217,2026-10-04 03:54:38.243328,2026-10-04 03:58:23.020967,0 days 00:03:44.777639,0.8252522105277025,32,512,0.20210150226589355,64,0.000292881710494087,20261004-0354_local_t1_universal-trial23,"{""alpha"": 0.8252522105277025, ""batch"": 32, ""bottleneck_dim"": 512, ""dropout"": 0.20210150226589355, ""encoder_channels"": 64, ""lr"": 0.000292881710494087}",COMPLETE
24,0.3439748498317583,2026-10-04 03:58:23.036327,2026-10-04 04:00:48.662628,0 days 00:02:25.626301,0.9444658109511874,32,512,0.2122976652425138,32,0.00041450246210487907,20261004-0358_local_t1_universal-trial24,"{""alpha"": 0.9444658109511874, ""batch"": 32, ""bottleneck_dim"": 512, ""dropout"": 0.2122976652425138, ""encoder_channels"": 32, ""lr"": 0.00041450246210487907}",COMPLETE
25,0.3330959965140842,2026-10-04 04:00:48.671756,2026-10-04 04:04:33.120304,0 days 00:03:44.448548,0.8422276536836073,32,512,0.10109017780256957,64,0.0002184691951436879,20261004-0400_local_t1_universal-trial25,"{""alpha"": 0.8422276536836073, ""batch"": 32, ""bottleneck_dim"": 512, ""dropout"": 0.10109017780256957, ""encoder_channels"": 64, ""lr"": 0.0002184691951436879}",COMPLETE
26,0.34010087716919574,2026-10-04 04:04:33.131584,2026-10-04 04:08:18.508100,0 days 00:03:45.376516,0.8207234023723101,32,512,0.1178220433864825,64,0.00020168625380810127,20261004-0404_local_t1_universal-trial26,"{""alpha"": 0.8207234023723101, ""batch"": 32, ""bottleneck_dim"": 512, ""dropout"": 0.1178220433864825, ""encoder_channels"": 64, ""lr"": 0.00020168625380810127}",COMPLETE
27,0.3869327536591774,2026-10-04 04:08:18.521788,2026-10-04 04:10:09.801120,0 days 00:01:51.279332,0.7425891719279544,64,512,0.2048890100587546,64,0.00041229312018288837,20261004-0408_local_t1_universal-trial27,"{""alpha"": 0.7425891719279544, ""batch"": 64, ""bottleneck_dim"": 512, ""dropout"": 0.2048890100587546, ""encoder_channels"": 64, ""lr"": 0.00041229312018288837}",PRUNED
28,0.33913223821993754,2026-10-04 04:10:09.809142,2026-10-04 04:13:52.510763,0 days 00:03:42.701621,0.9161565853560779,32,512,0.1625103640618701,64,0.0003135458015330656,20261004-0410_local_t1_universal-trial28,"{""alpha"": 0.9161565853560779, ""batch"": 32, ""bottleneck_dim"": 512, ""dropout"": 0.1625103640618701, ""encoder_channels"": 64, ""lr"": 0.0003135458015330656}",COMPLETE
29,0.33987874033830495,2026-10-04 04:13:52.519750,2026-10-04 04:17:35.803267,0 days 00:03:43.283517,0.7647741648833094,32,512,0.045597706872316256,64,0.0005664528286476662,20261004-0413_local_t1_universal-trial29,"{""alpha"": 0.7647741648833094, ""batch"": 32, ""bottleneck_dim"": 512, ""dropout"": 0.045597706872316256, ""encoder_channels"": 64, ""lr"": 0.0005664528286476662}",COMPLETE
30,0.3437465427838185,2026-10-04 04:17:35.826225,2026-10-04 04:21:20.403433,0 days 00:03:44.577208,0.9061902110536414,32,512,0.15016548836863278,64,0.0005922863711866805,20261004-0417_local_t1_universal-trial30,"{""alpha"": 0.9061902110536414, ""batch"": 32, ""bottleneck_dim"": 512, ""dropout"": 0.15016548836863278, ""encoder_channels"": 64, ""lr"": 0.0005922863711866805}",COMPLETE
31,0.332787089171293,2026-10-04 04:21:20.414588,2026-10-04 04:25:05.324130,0 days 00:03:44.909542,0.8836130947497982,32,512,0.09388776495412891,64,0.00012000999255389276,20261004-0421_local_t1_universal-trial31,"{""alpha"": 0.8836130947497982, ""batch"": 32, ""bottleneck_dim"": 512, ""dropout"": 0.09388776495412891, ""encoder_channels"": 64, ""lr"": 0.00012000999255389276}",COMPLETE
32,0.3364928773118426,2026-10-04 04:25:05.347829,2026-10-04 04:28:49.304094,0 days 00:03:43.956265,0.8708053188933609,32,512,0.07735104331106797,64,0.00011650608126327797,20261004-0425_local_t1_universal-trial32,"{""alpha"": 0.8708053188933609, ""batch"": 32, ""bottleneck_dim"": 512, ""dropout"": 0.07735104331106797, ""encoder_channels"": 64, ""lr"": 0.00011650608126327797}",COMPLETE
33,0.3311844132638172,2026-10-04 04:28:49.314783,2026-10-04 04:32:33.074644,0 days 00:03:43.759861,0.8705024826927471,32,512,0.07529053440019327,64,0.00014090704249820126,20261004-0428_local_t1_universal-trial33,"{""alpha"": 0.8705024826927471, ""batch"": 32, ""bottleneck_dim"": 512, ""dropout"": 0.07529053440019327, ""encoder_channels"": 64, ""lr"": 0.00014090704249820126}",COMPLETE
34,0.3332810953269591,2026-10-04 04:32:33.086433,2026-10-04 04:36:16.794476,0 days 00:03:43.708043,0.8837070418493809,32,512,0.08698019773695057,64,0.00011188884421340667,20261004-0432_local_t1_universal-trial34,"{""alpha"": 0.8837070418493809, ""batch"": 32, ""bottleneck_dim"": 512, ""dropout"": 0.08698019773695057, ""encoder_channels"": 64, ""lr"": 0.00011188884421340667}",COMPLETE
35,0.37084424116081843,2026-10-04 04:36:16.804658,2026-10-04 04:38:19.083796,0 days 00:02:02.279138,0.7521917921177692,32,512,0.11480756414699858,64,0.00011799592623575171,20261004-0436_local_t1_universal-trial35,"{""alpha"": 0.7521917921177692, ""batch"": 32, ""bottleneck_dim"": 512, ""dropout"": 0.11480756414699858, ""encoder_channels"": 64, ""lr"": 0.00011799592623575171}",PRUNED
36,0.3356885214984093,2026-10-04 04:38:19.091516,2026-10-04 04:42:01.962759,0 days 00:03:42.871243,0.86603697004758,32,512,0.14053822760012083,64,0.00012655846767131758,20261004-0438_local_t1_universal-trial36,"{""alpha"": 0.86603697004758, ""batch"": 32, ""bottleneck_dim"": 512, ""dropout"": 0.14053822760012083, ""encoder_channels"": 64, ""lr"": 0.00012655846767131758}",COMPLETE
37,0.3336928827262929,2026-10-04 04:42:01.979616,2026-10-04 04:45:44.799475,0 days 00:03:42.819859,0.9360724596752311,32,512,0.1251819202597425,64,0.0001803893729050025,20261004-0442_local_t1_universal-trial37,"{""alpha"": 0.9360724596752311, ""batch"": 32, ""bottleneck_dim"": 512, ""dropout"": 0.1251819202597425, ""encoder_channels"": 64, ""lr"": 0.0001803893729050025}",COMPLETE
38,0.3361722895592127,2026-10-04 04:45:44.821119,2026-10-04 04:49:30.143156,0 days 00:03:45.322037,0.9225441737374374,32,512,0.04315072270293444,64,0.0003106191091044469,20261004-0445_local_t1_universal-trial38,"{""alpha"": 0.9225441737374374, ""batch"": 32, ""bottleneck_dim"": 512, ""dropout"": 0.04315072270293444, ""encoder_channels"": 64, ""lr"": 0.0003106191091044469}",COMPLETE
39,0.3300118453107248,2026-10-04 04:49:30.157454,2026-10-04 04:53:14.192025,0 days 00:03:44.034571,0.8618349704704766,32,512,0.02882318726173673,64,0.0001682187199408275,20261004-0449_local_t1_universal-trial39,"{""alpha"": 0.8618349704704766, ""batch"": 32, ""bottleneck_dim"": 512, ""dropout"": 0.02882318726173673, ""encoder_channels"": 64, ""lr"": 0.0001682187199408275}",COMPLETE
